  Application.cpp
C:\Users\CKIRUser\Desktop\study-dx9\Application.cpp(1,1): warning C4828: The file contains a character starting at offset 0x67a that is illegal in the current source character set (codepage 65001).
C:\Users\CKIRUser\Desktop\study-dx9\Application.cpp(1,1): warning C4828: The file contains a character starting at offset 0x67b that is illegal in the current source character set (codepage 65001).
C:\Users\CKIRUser\Desktop\study-dx9\Application.cpp(1,1): warning C4828: The file contains a character starting at offset 0x67f that is illegal in the current source character set (codepage 65001).
C:\Users\CKIRUser\Desktop\study-dx9\Application.cpp(1,1): warning C4828: The file contains a character starting at offset 0x680 that is illegal in the current source character set (codepage 65001).
C:\Users\CKIRUser\Desktop\study-dx9\Application.cpp(1,1): warning C4828: The file contains a character starting at offset 0x686 that is illegal in the current source character set (codepage 65001).
C:\Users\CKIRUser\Desktop\study-dx9\Application.cpp(1,1): warning C4828: The file contains a character starting at offset 0x688 that is illegal in the current source character set (codepage 65001).
C:\Users\CKIRUser\Desktop\study-dx9\Application.cpp(1,1): warning C4828: The file contains a character starting at offset 0x689 that is illegal in the current source character set (codepage 65001).
C:\Users\CKIRUser\Desktop\study-dx9\Application.cpp(1,1): warning C4828: The file contains a character starting at offset 0x68a that is illegal in the current source character set (codepage 65001).
C:\Users\CKIRUser\Desktop\study-dx9\Application.cpp(1,1): warning C4828: The file contains a character starting at offset 0x68b that is illegal in the current source character set (codepage 65001).
C:\Users\CKIRUser\Desktop\study-dx9\Application.cpp(1,1): warning C4828: The file contains a character starting at offset 0x68f that is illegal in the current source character set (codepage 65001).
C:\Users\CKIRUser\Desktop\study-dx9\Application.cpp(1,1): warning C4828: The file contains a character starting at offset 0x692 that is illegal in the current source character set (codepage 65001).
C:\Users\CKIRUser\Desktop\study-dx9\Application.cpp(1,1): warning C4828: The file contains a character starting at offset 0x694 that is illegal in the current source character set (codepage 65001).
C:\Users\CKIRUser\Desktop\study-dx9\Application.cpp(1,1): warning C4828: The file contains a character starting at offset 0x695 that is illegal in the current source character set (codepage 65001).
C:\Users\CKIRUser\Desktop\study-dx9\Application.cpp(1,1): warning C4828: The file contains a character starting at offset 0x697 that is illegal in the current source character set (codepage 65001).
C:\Users\CKIRUser\Desktop\study-dx9\Application.cpp(1,1): warning C4828: The file contains a character starting at offset 0x698 that is illegal in the current source character set (codepage 65001).
C:\Users\CKIRUser\Desktop\study-dx9\Application.cpp(1,1): warning C4828: The file contains a character starting at offset 0x69c that is illegal in the current source character set (codepage 65001).
C:\Users\CKIRUser\Desktop\study-dx9\Application.cpp(1,1): warning C4828: The file contains a character starting at offset 0x69e that is illegal in the current source character set (codepage 65001).
C:\Users\CKIRUser\Desktop\study-dx9\Director.h(1,1): warning C4828: The file contains a character starting at offset 0x19 that is illegal in the current source character set (codepage 65001).
C:\Users\CKIRUser\Desktop\study-dx9\Director.h(1,1): warning C4828: The file contains a character starting at offset 0x1a that is illegal in the current source character set (codepage 65001).
C:\Users\CKIRUser\Desktop\study-dx9\Director.h(1,1): warning C4828: The file contains a character starting at offset 0x1b that is illegal in the current source character set (codepage 65001).
C:\Users\CKIRUser\Desktop\study-dx9\Director.h(1,1): warning C4828: The file contains a character starting at offset 0x1c that is illegal in the current source character set (codepage 65001).
C:\Users\CKIRUser\Desktop\study-dx9\Director.h(1,1): warning C4828: The file contains a character starting at offset 0x1d that is illegal in the current source character set (codepage 65001).
C:\Users\CKIRUser\Desktop\study-dx9\Director.h(1,1): warning C4828: The file contains a character starting at offset 0x1f that is illegal in the current source character set (codepage 65001).
C:\Users\CKIRUser\Desktop\study-dx9\Director.h(1,1): warning C4828: The file contains a character starting at offset 0x22 that is illegal in the current source character set (codepage 65001).
C:\Users\CKIRUser\Desktop\study-dx9\Director.h(1,1): warning C4828: The file contains a character starting at offset 0x26 that is illegal in the current source character set (codepage 65001).
C:\Users\CKIRUser\Desktop\study-dx9\Director.h(1,1): warning C4828: The file contains a character starting at offset 0x27 that is illegal in the current source character set (codepage 65001).
C:\Users\CKIRUser\Desktop\study-dx9\Director.h(1,1): warning C4828: The file contains a character starting at offset 0x28 that is illegal in the current source character set (codepage 65001).
C:\Users\CKIRUser\Desktop\study-dx9\Director.h(1,1): warning C4828: The file contains a character starting at offset 0x29 that is illegal in the current source character set (codepage 65001).
C:\Users\CKIRUser\Desktop\study-dx9\Director.h(1,1): warning C4828: The file contains a character starting at offset 0xff that is illegal in the current source character set (codepage 65001).
C:\Users\CKIRUser\Desktop\study-dx9\Director.h(1,1): warning C4828: The file contains a character starting at offset 0x101 that is illegal in the current source character set (codepage 65001).
C:\Users\CKIRUser\Desktop\study-dx9\Director.h(1,1): warning C4828: The file contains a character starting at offset 0x102 that is illegal in the current source character set (codepage 65001).
C:\Users\CKIRUser\Desktop\study-dx9\Director.h(1,1): warning C4828: The file contains a character starting at offset 0x105 that is illegal in the current source character set (codepage 65001).
C:\Users\CKIRUser\Desktop\study-dx9\Type.h(1,1): warning C4828: The file contains a character starting at offset 0x13 that is illegal in the current source character set (codepage 65001).
C:\Users\CKIRUser\Desktop\study-dx9\Type.h(1,1): warning C4828: The file contains a character starting at offset 0x1a that is illegal in the current source character set (codepage 65001).
C:\Users\CKIRUser\Desktop\study-dx9\Type.h(1,1): warning C4828: The file contains a character starting at offset 0x1d that is illegal in the current source character set (codepage 65001).
C:\Users\CKIRUser\Desktop\study-dx9\Node.h(1,1): warning C4828: The file contains a character starting at offset 0x13 that is illegal in the current source character set (codepage 65001).
C:\Users\CKIRUser\Desktop\study-dx9\Node.h(1,1): warning C4828: The file contains a character starting at offset 0x14 that is illegal in the current source character set (codepage 65001).
C:\Users\CKIRUser\Desktop\study-dx9\Node.h(1,1): warning C4828: The file contains a character starting at offset 0x18 that is illegal in the current source character set (codepage 65001).
C:\Users\CKIRUser\Desktop\study-dx9\Node.h(1,1): warning C4828: The file contains a character starting at offset 0x19 that is illegal in the current source character set (codepage 65001).
C:\Users\CKIRUser\Desktop\study-dx9\Node.h(1,1): warning C4828: The file contains a character starting at offset 0x1c that is illegal in the current source character set (codepage 65001).
C:\Users\CKIRUser\Desktop\study-dx9\Node.h(1,1): warning C4828: The file contains a character starting at offset 0x1d that is illegal in the current source character set (codepage 65001).
C:\Users\CKIRUser\Desktop\study-dx9\Node.h(1,1): warning C4828: The file contains a character starting at offset 0x1f that is illegal in the current source character set (codepage 65001).
C:\Users\CKIRUser\Desktop\study-dx9\Node.h(1,1): warning C4828: The file contains a character starting at offset 0x23 that is illegal in the current source character set (codepage 65001).
C:\Users\CKIRUser\Desktop\study-dx9\Node.h(1,1): warning C4828: The file contains a character starting at offset 0x24 that is illegal in the current source character set (codepage 65001).
C:\Users\CKIRUser\Desktop\study-dx9\Node.h(1,1): warning C4828: The file contains a character starting at offset 0x26 that is illegal in the current source character set (codepage 65001).
C:\Users\CKIRUser\Desktop\study-dx9\Node.h(1,1): warning C4828: The file contains a character starting at offset 0x29 that is illegal in the current source character set (codepage 65001).
C:\Users\CKIRUser\Desktop\study-dx9\Node.h(1,1): warning C4828: The file contains a character starting at offset 0x152 that is illegal in the current source character set (codepage 65001).
C:\Users\CKIRUser\Desktop\study-dx9\Node.h(1,1): warning C4828: The file contains a character starting at offset 0x153 that is illegal in the current source character set (codepage 65001).
C:\Users\CKIRUser\Desktop\study-dx9\Node.h(1,1): warning C4828: The file contains a character starting at offset 0x154 that is illegal in the current source character set (codepage 65001).
C:\Users\CKIRUser\Desktop\study-dx9\Node.h(1,1): warning C4828: The file contains a character starting at offset 0x155 that is illegal in the current source character set (codepage 65001).
C:\Users\CKIRUser\Desktop\study-dx9\Node.h(1,1): warning C4828: The file contains a character starting at offset 0x156 that is illegal in the current source character set (codepage 65001).
C:\Users\CKIRUser\Desktop\study-dx9\Node.h(1,1): warning C4828: The file contains a character starting at offset 0x157 that is illegal in the current source character set (codepage 65001).
C:\Users\CKIRUser\Desktop\study-dx9\Node.h(1,1): warning C4828: The file contains a character starting at offset 0x158 that is illegal in the current source character set (codepage 65001).
C:\Users\CKIRUser\Desktop\study-dx9\Node.h(1,1): warning C4828: The file contains a character starting at offset 0x1b4 that is illegal in the current source character set (codepage 65001).
C:\Users\CKIRUser\Desktop\study-dx9\Node.h(1,1): warning C4828: The file contains a character starting at offset 0x1b5 that is illegal in the current source character set (codepage 65001).
C:\Users\CKIRUser\Desktop\study-dx9\Node.h(1,1): warning C4828: The file contains a character starting at offset 0x1b8 that is illegal in the current source character set (codepage 65001).
C:\Users\CKIRUser\Desktop\study-dx9\Node.h(1,1): warning C4828: The file contains a character starting at offset 0x1b9 that is illegal in the current source character set (codepage 65001).
C:\Users\CKIRUser\Desktop\study-dx9\Node.h(1,1): warning C4828: The file contains a character starting at offset 0x1bb that is illegal in the current source character set (codepage 65001).
C:\Users\CKIRUser\Desktop\study-dx9\Node.h(1,1): warning C4828: The file contains a character starting at offset 0x1bc that is illegal in the current source character set (codepage 65001).
C:\Users\CKIRUser\Desktop\study-dx9\Node.h(1,1): warning C4828: The file contains a character starting at offset 0x1c2 that is illegal in the current source character set (codepage 65001).
C:\Users\CKIRUser\Desktop\study-dx9\Node.h(1,1): warning C4828: The file contains a character starting at offset 0x1c3 that is illegal in the current source character set (codepage 65001).
C:\Users\CKIRUser\Desktop\study-dx9\Node.h(1,1): warning C4828: The file contains a character starting at offset 0x1c6 that is illegal in the current source character set (codepage 65001).
C:\Users\CKIRUser\Desktop\study-dx9\Node.h(1,1): warning C4828: The file contains a character starting at offset 0x1c7 that is illegal in the current source character set (codepage 65001).
C:\Users\CKIRUser\Desktop\study-dx9\Node.h(1,1): warning C4828: The file contains a character starting at offset 0x1c8 that is illegal in the current source character set (codepage 65001).
C:\Users\CKIRUser\Desktop\study-dx9\Node.h(1,1): warning C4828: The file contains a character starting at offset 0x1c9 that is illegal in the current source character set (codepage 65001).
C:\Users\CKIRUser\Desktop\study-dx9\Node.h(1,1): warning C4828: The file contains a character starting at offset 0x1ca that is illegal in the current source character set (codepage 65001).
C:\Users\CKIRUser\Desktop\study-dx9\Node.h(1,1): warning C4828: The file contains a character starting at offset 0x1cc that is illegal in the current source character set (codepage 65001).
C:\Users\CKIRUser\Desktop\study-dx9\Node.h(1,1): warning C4828: The file contains a character starting at offset 0x1cd that is illegal in the current source character set (codepage 65001).
C:\Users\CKIRUser\Desktop\study-dx9\Node.h(1,1): warning C4828: The file contains a character starting at offset 0x1d1 that is illegal in the current source character set (codepage 65001).
C:\Users\CKIRUser\Desktop\study-dx9\Node.h(1,1): warning C4828: The file contains a character starting at offset 0x1d3 that is illegal in the current source character set (codepage 65001).
C:\Users\CKIRUser\Desktop\study-dx9\Node.h(1,1): warning C4828: The file contains a character starting at offset 0x1d6 that is illegal in the current source character set (codepage 65001).
C:\Users\CKIRUser\Desktop\study-dx9\Node.h(1,1): warning C4828: The file contains a character starting at offset 0x1d8 that is illegal in the current source character set (codepage 65001).
C:\Users\CKIRUser\Desktop\study-dx9\Node.h(1,1): warning C4828: The file contains a character starting at offset 0x1d9 that is illegal in the current source character set (codepage 65001).
C:\Users\CKIRUser\Desktop\study-dx9\Application.cpp(50,26): warning C4244: '=': conversion from 'float' to 'int', possible loss of data
  REM-Engine_2010.vcxproj -> C:\Users\CKIRUser\Desktop\study-dx9\Debug\REM-Engine.exe
